<?xml version="1.0" encoding="UTF-8"?>
<!-- Generated by org.testng.reporters.JUnitXMLReporter -->
<testsuite ignored="0" hostname="DESKTOP-AV4D4UB" failures="0" tests="6" name="Firefox Test" time="42.931" errors="0" timestamp="2024-04-27T15:47:28 IST">
  <testcase classname="TestNG.Facebook_ForgottenPassword" name="VerifyPasswordWithValidEmail" time="0.0">
    <skipped/>
  </testcase> <!-- VerifyPasswordWithValidEmail -->
  <testcase classname="TestNG.Facebook_ForgottenPassword" name="VerifyPasswordWithinvalidEmail" time="0.003">
    <skipped/>
  </testcase> <!-- VerifyPasswordWithinvalidEmail -->
  <testcase classname="TestNG.Facebook_ForgottenPassword" name="VerifyPasswordWithValidEmail1" time="0.0">
    <skipped/>
  </testcase> <!-- VerifyPasswordWithValidEmail1 -->
  <testcase classname="TestNG.Facebook_ForgottenPassword" name="VerifyPasswordWithinvalidEmail1" time="0.001">
    <skipped/>
  </testcase> <!-- VerifyPasswordWithinvalidEmail1 -->
  <testcase classname="TestNG.FacebookSignupPage_Test" name="VerifySignupPageforMale" time="0.0">
    <skipped/>
  </testcase> <!-- VerifySignupPageforMale -->
  <testcase classname="TestNG.FacebookSignupPage_Test" name="VerifySignupforFemale" time="0.0">
    <skipped/>
  </testcase> <!-- VerifySignupforFemale -->
</testsuite> <!-- Firefox Test -->
