<?xml version="1.0" encoding="UTF-8"?>
<!-- Generated by org.testng.reporters.JUnitXMLReporter -->
<testsuite ignored="0" hostname="DESKTOP-AV4D4UB" failures="0" tests="6" name="Test" time="81.058" errors="0" timestamp="2024-04-25T22:07:26 IST">
  <testcase classname="TestNG.Facebook_ForgottenPassword" name="VerifyPasswordWithValidEmail" time="3.624"/>
  <testcase classname="TestNG.Facebook_ForgottenPassword" name="VerifyPasswordWithinvalidEmail" time="1.502"/>
  <testcase classname="TestNG.FacebookSignupPage_Test" name="VerifySignupPageforMale" time="14.776"/>
  <testcase classname="TestNG.Facebook_ForgottenPassword" name="VerifyPasswordWithValidEmail1" time="1.238"/>
  <testcase classname="TestNG.Facebook_ForgottenPassword" name="VerifyPasswordWithinvalidEmail1" time="2.098"/>
  <testcase classname="TestNG.FacebookSignupPage_Test" name="VerifySignupforFemale" time="12.45"/>
</testsuite> <!-- Test -->
