<?xml version="1.0" encoding="UTF-8"?>
<!-- Generated by org.testng.reporters.JUnitXMLReporter -->
<testsuite ignored="0" hostname="DESKTOP-AV4D4UB" failures="0" tests="5" name="ChromeTest" time="43.421" errors="0" timestamp="2024-05-04T14:46:57 IST">
  <testcase classname="TestNG.SignupPage_Test" name="VerifySignupWithInvalid" time="4.521"/>
  <testcase classname="TestNG.LoginAndSiignupPage_Test" name="VerifytheLoginFunctionalityWithInvalidUsernamePassword" time="3.774"/>
  <testcase classname="TestNG.SignupPage_Test" name="VerifySignupWithValid" time="4.667"/>
  <testcase classname="TestNG.LoginAndSiignupPage_Test" name="VerifytheLoginFunctionalityWithValidUsernamePassword" time="5.939"/>
  <testcase classname="TestNG.SignupPage_Test" name="VerifytheLoginFunctionalityWithValidUsernamePassword" time="3.169"/>
</testsuite> <!-- ChromeTest -->
