<?xml version="1.0" encoding="UTF-8"?>
<!-- Generated by org.testng.reporters.JUnitXMLReporter -->
<testsuite ignored="0" hostname="DESKTOP-AV4D4UB" failures="0" tests="5" name="EdgeTest" time="58.499" errors="0" timestamp="2024-05-04T14:49:00 IST">
  <testcase classname="TestNG.LoginAndSiignupPage_Test" name="VerifytheLoginFunctionalityWithInvalidUsernamePassword" time="5.325"/>
  <testcase classname="TestNG.SignupPage_Test" name="VerifySignupWithInvalid" time="6.917"/>
  <testcase classname="TestNG.LoginAndSiignupPage_Test" name="VerifytheLoginFunctionalityWithValidUsernamePassword" time="5.233"/>
  <testcase classname="TestNG.SignupPage_Test" name="VerifySignupWithValid" time="3.713"/>
  <testcase classname="TestNG.SignupPage_Test" name="VerifytheLoginFunctionalityWithValidUsernamePassword" time="3.578"/>
</testsuite> <!-- EdgeTest -->
