<?xml version="1.0" encoding="UTF-8"?>
<!-- Generated by org.testng.reporters.JUnitXMLReporter -->
<testsuite ignored="0" hostname="DESKTOP-AV4D4UB" failures="0" tests="5" name="FirefoxTest" time="63.521" errors="0" timestamp="2024-05-04T14:48:01 IST">
  <testcase classname="TestNG.LoginAndSiignupPage_Test" name="VerifytheLoginFunctionalityWithInvalidUsernamePassword" time="5.537"/>
  <testcase classname="TestNG.SignupPage_Test" name="VerifySignupWithInvalid" time="6.414"/>
  <testcase classname="TestNG.LoginAndSiignupPage_Test" name="VerifytheLoginFunctionalityWithValidUsernamePassword" time="2.08"/>
  <testcase classname="TestNG.SignupPage_Test" name="VerifySignupWithValid" time="3.655"/>
  <testcase classname="TestNG.SignupPage_Test" name="VerifytheLoginFunctionalityWithValidUsernamePassword" time="4.638"/>
</testsuite> <!-- FirefoxTest -->
