<?xml version="1.0" encoding="UTF-8"?>
<!-- Generated by org.testng.reporters.JUnitXMLReporter -->
<testsuite ignored="0" hostname="DESKTOP-AV4D4UB" failures="2" tests="2" name="Chrome" time="11.822" errors="0" timestamp="2024-05-05T10:17:52 IST">
  <testcase classname="TestNG.LoginInstagramTest" name="LoginInvalid" time="0.0">
    <failure type="org.testng.TestNGException" message="
Method public void TestNG.LoginInstagramTest.LoginInvalid(java.lang.String,java.lang.String) requires a @DataProvider named : LoginTestData.xlsx">
      <![CDATA[org.testng.TestNGException: 
Method public void TestNG.LoginInstagramTest.LoginInvalid(java.lang.String,java.lang.String) requires a @DataProvider named : LoginTestData.xlsx
at java.base/java.util.concurrent.Executors$RunnableAdapter.call(Executors.java:577)
at java.base/java.util.concurrent.FutureTask.run(FutureTask.java:317)
at java.base/java.util.concurrent.ThreadPoolExecutor.runWorker(ThreadPoolExecutor.java:1144)
at java.base/java.util.concurrent.ThreadPoolExecutor$Worker.run(ThreadPoolExecutor.java:642)
at java.base/java.lang.Thread.run(Thread.java:1623)
... Removed 10 stack frames]]>
    </failure>
  </testcase> <!-- LoginInvalid -->
  <testcase classname="TestNG.LoginInstagramTest" name="LoginValid" time="0.0">
    <failure type="org.testng.TestNGException" message="
Method public void TestNG.LoginInstagramTest.LoginValid(java.lang.String,java.lang.String) requires a @DataProvider named : LoginTestData.xlsx">
      <![CDATA[org.testng.TestNGException: 
Method public void TestNG.LoginInstagramTest.LoginValid(java.lang.String,java.lang.String) requires a @DataProvider named : LoginTestData.xlsx
at java.base/java.util.concurrent.Executors$RunnableAdapter.call(Executors.java:577)
at java.base/java.util.concurrent.FutureTask.run(FutureTask.java:317)
at java.base/java.util.concurrent.ThreadPoolExecutor.runWorker(ThreadPoolExecutor.java:1144)
at java.base/java.util.concurrent.ThreadPoolExecutor$Worker.run(ThreadPoolExecutor.java:642)
at java.base/java.lang.Thread.run(Thread.java:1623)
... Removed 10 stack frames]]>
    </failure>
  </testcase> <!-- LoginValid -->
</testsuite> <!-- Chrome -->
