<?xml version="1.0" encoding="UTF-8"?>
<!-- Generated by org.testng.reporters.JUnitXMLReporter -->
<testsuite ignored="0" hostname="DESKTOP-AV4D4UB" failures="0" tests="6" name="EdgeTest" time="55.914" errors="0" timestamp="2024-05-05T10:40:08 IST">
  <testcase classname="TestNG.Facebook_ForgottenPassword" name="VerifyPasswordWithValidEmail" time="0.0">
    <skipped/>
  </testcase> <!-- VerifyPasswordWithValidEmail -->
  <testcase classname="TestNG.FacebookSignupPage_Test" name="VerifySignupPageforMale" time="0.0">
    <skipped/>
  </testcase> <!-- VerifySignupPageforMale -->
  <testcase classname="TestNG.Facebook_ForgottenPassword" name="VerifyPasswordWithinvalidEmail" time="0.0">
    <skipped/>
  </testcase> <!-- VerifyPasswordWithinvalidEmail -->
  <testcase classname="TestNG.Facebook_ForgottenPassword" name="VerifyPasswordWithValidEmail1" time="0.0">
    <skipped/>
  </testcase> <!-- VerifyPasswordWithValidEmail1 -->
  <testcase classname="TestNG.Facebook_ForgottenPassword" name="VerifyPasswordWithinvalidEmail1" time="0.0">
    <skipped/>
  </testcase> <!-- VerifyPasswordWithinvalidEmail1 -->
  <testcase classname="TestNG.FacebookSignupPage_Test" name="VerifySignupforFemale" time="0.001">
    <skipped/>
  </testcase> <!-- VerifySignupforFemale -->
</testsuite> <!-- EdgeTest -->
